# Logfile created on 2014-01-15 12:26:49 +0200 by logger.rb/41954
I, [2014-01-15T12:26:49.944970 #2150]  INFO -- : 0:  rake (10.1.1) from /home/wadror/.rbenv/versions/2.0.0-p353/lib/ruby/gems/2.0.0/specifications/rake-10.1.1.gemspec
I, [2014-01-15T12:26:49.946050 #2150]  INFO -- : 0:  i18n (0.6.9) from /home/wadror/.rbenv/versions/2.0.0-p353/lib/ruby/gems/2.0.0/specifications/i18n-0.6.9.gemspec
I, [2014-01-15T12:26:49.946993 #2150]  INFO -- : 0:  minitest (4.7.5) from /home/wadror/.rbenv/versions/2.0.0-p353/lib/ruby/gems/2.0.0/specifications/minitest-4.7.5.gemspec
I, [2014-01-15T12:26:53.059936 #2150]  INFO -- : 0:  multi_json (1.8.4) from /home/wadror/.rbenv/versions/2.0.0-p353/lib/ruby/gems/2.0.0/specifications/multi_json-1.8.4.gemspec
I, [2014-01-15T12:26:53.061065 #2150]  INFO -- : 0:  atomic (1.1.14) from /home/wadror/.rbenv/versions/2.0.0-p353/lib/ruby/gems/2.0.0/specifications/atomic-1.1.14.gemspec
I, [2014-01-15T12:26:53.062008 #2150]  INFO -- : 0:  thread_safe (0.1.3) from /home/wadror/.rbenv/versions/2.0.0-p353/lib/ruby/gems/2.0.0/specifications/thread_safe-0.1.3.gemspec
I, [2014-01-15T12:26:53.062889 #2150]  INFO -- : 0:  tzinfo (0.3.38) from /home/wadror/.rbenv/versions/2.0.0-p353/lib/ruby/gems/2.0.0/specifications/tzinfo-0.3.38.gemspec
I, [2014-01-15T12:26:53.063802 #2150]  INFO -- : 0:  activesupport (4.0.2) from /home/wadror/.rbenv/versions/2.0.0-p353/lib/ruby/gems/2.0.0/specifications/activesupport-4.0.2.gemspec
I, [2014-01-15T12:26:53.065484 #2150]  INFO -- : 0:  builder (3.1.4) from /home/wadror/.rbenv/versions/2.0.0-p353/lib/ruby/gems/2.0.0/specifications/builder-3.1.4.gemspec
I, [2014-01-15T12:26:53.066445 #2150]  INFO -- : 0:  erubis (2.7.0) from /home/wadror/.rbenv/versions/2.0.0-p353/lib/ruby/gems/2.0.0/specifications/erubis-2.7.0.gemspec
I, [2014-01-15T12:26:53.067309 #2150]  INFO -- : 0:  rack (1.5.2) from /home/wadror/.rbenv/versions/2.0.0-p353/lib/ruby/gems/2.0.0/specifications/rack-1.5.2.gemspec
I, [2014-01-15T12:26:53.068229 #2150]  INFO -- : 0:  rack-test (0.6.2) from /home/wadror/.rbenv/versions/2.0.0-p353/lib/ruby/gems/2.0.0/specifications/rack-test-0.6.2.gemspec
I, [2014-01-15T12:26:53.069109 #2150]  INFO -- : 0:  actionpack (4.0.2) from /home/wadror/.rbenv/versions/2.0.0-p353/lib/ruby/gems/2.0.0/specifications/actionpack-4.0.2.gemspec
I, [2014-01-15T12:26:53.069985 #2150]  INFO -- : 0:  mime-types (1.25.1) from /home/wadror/.rbenv/versions/2.0.0-p353/lib/ruby/gems/2.0.0/specifications/mime-types-1.25.1.gemspec
I, [2014-01-15T12:26:53.070846 #2150]  INFO -- : 0:  polyglot (0.3.3) from /home/wadror/.rbenv/versions/2.0.0-p353/lib/ruby/gems/2.0.0/specifications/polyglot-0.3.3.gemspec
I, [2014-01-15T12:26:53.071677 #2150]  INFO -- : 0:  treetop (1.4.15) from /home/wadror/.rbenv/versions/2.0.0-p353/lib/ruby/gems/2.0.0/specifications/treetop-1.4.15.gemspec
I, [2014-01-15T12:26:53.072532 #2150]  INFO -- : 0:  mail (2.5.4) from /home/wadror/.rbenv/versions/2.0.0-p353/lib/ruby/gems/2.0.0/specifications/mail-2.5.4.gemspec
I, [2014-01-15T12:26:53.073436 #2150]  INFO -- : 0:  actionmailer (4.0.2) from /home/wadror/.rbenv/versions/2.0.0-p353/lib/ruby/gems/2.0.0/specifications/actionmailer-4.0.2.gemspec
I, [2014-01-15T12:26:53.074323 #2150]  INFO -- : 0:  activemodel (4.0.2) from /home/wadror/.rbenv/versions/2.0.0-p353/lib/ruby/gems/2.0.0/specifications/activemodel-4.0.2.gemspec
I, [2014-01-15T12:26:53.075201 #2150]  INFO -- : 0:  activerecord-deprecated_finders (1.0.3) from /home/wadror/.rbenv/versions/2.0.0-p353/lib/ruby/gems/2.0.0/specifications/activerecord-deprecated_finders-1.0.3.gemspec
I, [2014-01-15T12:26:53.076024 #2150]  INFO -- : 0:  arel (4.0.1) from /home/wadror/.rbenv/versions/2.0.0-p353/lib/ruby/gems/2.0.0/specifications/arel-4.0.1.gemspec
I, [2014-01-15T12:26:53.076550 #2150]  INFO -- : 0:  activerecord (4.0.2) from /home/wadror/.rbenv/versions/2.0.0-p353/lib/ruby/gems/2.0.0/specifications/activerecord-4.0.2.gemspec
I, [2014-01-15T12:26:53.077332 #2150]  INFO -- : 0:  bundler (1.5.1) from /home/wadror/.rbenv/versions/2.0.0-p353/lib/ruby/gems/2.0.0/specifications/bundler-1.5.1.gemspec
I, [2014-01-15T12:26:53.078182 #2150]  INFO -- : 0:  coffee-script-source (1.6.3) from /home/wadror/.rbenv/versions/2.0.0-p353/lib/ruby/gems/2.0.0/specifications/coffee-script-source-1.6.3.gemspec
I, [2014-01-15T12:26:53.079056 #2150]  INFO -- : 0:  execjs (2.0.2) from /home/wadror/.rbenv/versions/2.0.0-p353/lib/ruby/gems/2.0.0/specifications/execjs-2.0.2.gemspec
I, [2014-01-15T12:26:53.079923 #2150]  INFO -- : 0:  coffee-script (2.2.0) from /home/wadror/.rbenv/versions/2.0.0-p353/lib/ruby/gems/2.0.0/specifications/coffee-script-2.2.0.gemspec
I, [2014-01-15T12:26:53.080892 #2150]  INFO -- : 0:  thor (0.18.1) from /home/wadror/.rbenv/versions/2.0.0-p353/lib/ruby/gems/2.0.0/specifications/thor-0.18.1.gemspec
I, [2014-01-15T12:26:53.081761 #2150]  INFO -- : 0:  railties (4.0.2) from /home/wadror/.rbenv/versions/2.0.0-p353/lib/ruby/gems/2.0.0/specifications/railties-4.0.2.gemspec
I, [2014-01-15T12:26:53.082701 #2150]  INFO -- : 0:  coffee-rails (4.0.1) from /home/wadror/.rbenv/versions/2.0.0-p353/lib/ruby/gems/2.0.0/specifications/coffee-rails-4.0.1.gemspec
I, [2014-01-15T12:26:53.083527 #2150]  INFO -- : 0:  hike (1.2.3) from /home/wadror/.rbenv/versions/2.0.0-p353/lib/ruby/gems/2.0.0/specifications/hike-1.2.3.gemspec
I, [2014-01-15T12:26:53.084489 #2150]  INFO -- : 0:  jbuilder (1.5.3) from /home/wadror/.rbenv/versions/2.0.0-p353/lib/ruby/gems/2.0.0/specifications/jbuilder-1.5.3.gemspec
I, [2014-01-15T12:26:53.085377 #2150]  INFO -- : 0:  jquery-rails (3.0.4) from /home/wadror/.rbenv/versions/2.0.0-p353/lib/ruby/gems/2.0.0/specifications/jquery-rails-3.0.4.gemspec
I, [2014-01-15T12:26:53.086282 #2150]  INFO -- : 0:  json (1.8.1) from /home/wadror/.rbenv/versions/2.0.0-p353/lib/ruby/gems/2.0.0/specifications/json-1.8.1.gemspec
I, [2014-01-15T12:26:53.087162 #2150]  INFO -- : 0:  tilt (1.4.1) from /home/wadror/.rbenv/versions/2.0.0-p353/lib/ruby/gems/2.0.0/specifications/tilt-1.4.1.gemspec
I, [2014-01-15T12:26:53.088071 #2150]  INFO -- : 0:  sprockets (2.10.1) from /home/wadror/.rbenv/versions/2.0.0-p353/lib/ruby/gems/2.0.0/specifications/sprockets-2.10.1.gemspec
I, [2014-01-15T12:26:53.089806 #2150]  INFO -- : 0:  sprockets-rails (2.0.1) from /home/wadror/.rbenv/versions/2.0.0-p353/lib/ruby/gems/2.0.0/specifications/sprockets-rails-2.0.1.gemspec
I, [2014-01-15T12:26:53.090634 #2150]  INFO -- : 0:  rails (4.0.2) from /home/wadror/.rbenv/versions/2.0.0-p353/lib/ruby/gems/2.0.0/specifications/rails-4.0.2.gemspec
I, [2014-01-15T12:26:57.349472 #2150]  INFO -- : 0:  rdoc (4.1.1) from /home/wadror/.rbenv/versions/2.0.0-p353/lib/ruby/gems/2.0.0/specifications/rdoc-4.1.1.gemspec
I, [2014-01-15T12:26:57.350489 #2150]  INFO -- : 0:  sass (3.2.13) from /home/wadror/.rbenv/versions/2.0.0-p353/lib/ruby/gems/2.0.0/specifications/sass-3.2.13.gemspec
I, [2014-01-15T12:26:57.351383 #2150]  INFO -- : 0:  sass-rails (4.0.1) from /home/wadror/.rbenv/versions/2.0.0-p353/lib/ruby/gems/2.0.0/specifications/sass-rails-4.0.1.gemspec
I, [2014-01-15T12:27:01.049123 #2150]  INFO -- : 0:  sdoc (0.4.0) from /home/wadror/.rbenv/versions/2.0.0-p353/lib/ruby/gems/2.0.0/specifications/sdoc-0.4.0.gemspec
I, [2014-01-15T12:27:01.051207 #2150]  INFO -- : 0:  sqlite3 (1.3.8) from /home/wadror/.rbenv/versions/2.0.0-p353/lib/ruby/gems/2.0.0/specifications/sqlite3-1.3.8.gemspec
I, [2014-01-15T12:27:03.716643 #2150]  INFO -- : 0:  turbolinks (2.2.0) from /home/wadror/.rbenv/versions/2.0.0-p353/lib/ruby/gems/2.0.0/specifications/turbolinks-2.2.0.gemspec
I, [2014-01-15T12:27:03.717612 #2150]  INFO -- : 0:  uglifier (2.4.0) from /home/wadror/.rbenv/versions/2.0.0-p353/lib/ruby/gems/2.0.0/specifications/uglifier-2.4.0.gemspec
I, [2014-01-15T16:52:16.525882 #19562]  INFO -- : 0:  rake (10.1.1) from /home/wadror/.rbenv/versions/2.0.0-p353/lib/ruby/gems/2.0.0/specifications/rake-10.1.1.gemspec
I, [2014-01-15T16:52:16.540401 #19562]  INFO -- : 0:  i18n (0.6.9) from /home/wadror/.rbenv/versions/2.0.0-p353/lib/ruby/gems/2.0.0/specifications/i18n-0.6.9.gemspec
I, [2014-01-15T16:52:16.541371 #19562]  INFO -- : 0:  minitest (4.7.5) from /home/wadror/.rbenv/versions/2.0.0-p353/lib/ruby/gems/2.0.0/specifications/minitest-4.7.5.gemspec
I, [2014-01-15T16:52:16.544728 #19562]  INFO -- : 0:  multi_json (1.8.4) from /home/wadror/.rbenv/versions/2.0.0-p353/lib/ruby/gems/2.0.0/specifications/multi_json-1.8.4.gemspec
I, [2014-01-15T16:52:16.564262 #19562]  INFO -- : 0:  atomic (1.1.14) from /home/wadror/.rbenv/versions/2.0.0-p353/lib/ruby/gems/2.0.0/specifications/atomic-1.1.14.gemspec
I, [2014-01-15T16:52:16.574813 #19562]  INFO -- : 0:  thread_safe (0.1.3) from /home/wadror/.rbenv/versions/2.0.0-p353/lib/ruby/gems/2.0.0/specifications/thread_safe-0.1.3.gemspec
I, [2014-01-15T16:52:16.575739 #19562]  INFO -- : 0:  tzinfo (0.3.38) from /home/wadror/.rbenv/versions/2.0.0-p353/lib/ruby/gems/2.0.0/specifications/tzinfo-0.3.38.gemspec
I, [2014-01-15T16:52:16.577083 #19562]  INFO -- : 0:  activesupport (4.0.2) from /home/wadror/.rbenv/versions/2.0.0-p353/lib/ruby/gems/2.0.0/specifications/activesupport-4.0.2.gemspec
I, [2014-01-15T16:52:16.578669 #19562]  INFO -- : 0:  builder (3.1.4) from /home/wadror/.rbenv/versions/2.0.0-p353/lib/ruby/gems/2.0.0/specifications/builder-3.1.4.gemspec
I, [2014-01-15T16:52:16.580036 #19562]  INFO -- : 0:  erubis (2.7.0) from /home/wadror/.rbenv/versions/2.0.0-p353/lib/ruby/gems/2.0.0/specifications/erubis-2.7.0.gemspec
I, [2014-01-15T16:52:16.588571 #19562]  INFO -- : 0:  rack (1.5.2) from /home/wadror/.rbenv/versions/2.0.0-p353/lib/ruby/gems/2.0.0/specifications/rack-1.5.2.gemspec
I, [2014-01-15T16:52:16.590088 #19562]  INFO -- : 0:  rack-test (0.6.2) from /home/wadror/.rbenv/versions/2.0.0-p353/lib/ruby/gems/2.0.0/specifications/rack-test-0.6.2.gemspec
I, [2014-01-15T16:52:16.591470 #19562]  INFO -- : 0:  actionpack (4.0.2) from /home/wadror/.rbenv/versions/2.0.0-p353/lib/ruby/gems/2.0.0/specifications/actionpack-4.0.2.gemspec
I, [2014-01-15T16:52:16.592926 #19562]  INFO -- : 0:  mime-types (1.25.1) from /home/wadror/.rbenv/versions/2.0.0-p353/lib/ruby/gems/2.0.0/specifications/mime-types-1.25.1.gemspec
I, [2014-01-15T16:52:16.594513 #19562]  INFO -- : 0:  polyglot (0.3.3) from /home/wadror/.rbenv/versions/2.0.0-p353/lib/ruby/gems/2.0.0/specifications/polyglot-0.3.3.gemspec
I, [2014-01-15T16:52:16.596492 #19562]  INFO -- : 0:  treetop (1.4.15) from /home/wadror/.rbenv/versions/2.0.0-p353/lib/ruby/gems/2.0.0/specifications/treetop-1.4.15.gemspec
I, [2014-01-15T16:52:16.598079 #19562]  INFO -- : 0:  mail (2.5.4) from /home/wadror/.rbenv/versions/2.0.0-p353/lib/ruby/gems/2.0.0/specifications/mail-2.5.4.gemspec
I, [2014-01-15T16:52:16.605387 #19562]  INFO -- : 0:  actionmailer (4.0.2) from /home/wadror/.rbenv/versions/2.0.0-p353/lib/ruby/gems/2.0.0/specifications/actionmailer-4.0.2.gemspec
I, [2014-01-15T16:52:16.606407 #19562]  INFO -- : 0:  activemodel (4.0.2) from /home/wadror/.rbenv/versions/2.0.0-p353/lib/ruby/gems/2.0.0/specifications/activemodel-4.0.2.gemspec
I, [2014-01-15T16:52:16.607781 #19562]  INFO -- : 0:  activerecord-deprecated_finders (1.0.3) from /home/wadror/.rbenv/versions/2.0.0-p353/lib/ruby/gems/2.0.0/specifications/activerecord-deprecated_finders-1.0.3.gemspec
I, [2014-01-15T16:52:16.612992 #19562]  INFO -- : 0:  arel (4.0.1) from /home/wadror/.rbenv/versions/2.0.0-p353/lib/ruby/gems/2.0.0/specifications/arel-4.0.1.gemspec
I, [2014-01-15T16:52:16.661029 #19562]  INFO -- : 0:  activerecord (4.0.2) from /home/wadror/.rbenv/versions/2.0.0-p353/lib/ruby/gems/2.0.0/specifications/activerecord-4.0.2.gemspec
I, [2014-01-15T16:52:16.662508 #19562]  INFO -- : 0:  bundler (1.5.1) from /home/wadror/.rbenv/versions/2.0.0-p353/lib/ruby/gems/2.0.0/specifications/bundler-1.5.1.gemspec
I, [2014-01-15T16:52:16.663986 #19562]  INFO -- : 0:  coffee-script-source (1.6.3) from /home/wadror/.rbenv/versions/2.0.0-p353/lib/ruby/gems/2.0.0/specifications/coffee-script-source-1.6.3.gemspec
I, [2014-01-15T16:52:16.665568 #19562]  INFO -- : 0:  execjs (2.0.2) from /home/wadror/.rbenv/versions/2.0.0-p353/lib/ruby/gems/2.0.0/specifications/execjs-2.0.2.gemspec
I, [2014-01-15T16:52:16.666990 #19562]  INFO -- : 0:  coffee-script (2.2.0) from /home/wadror/.rbenv/versions/2.0.0-p353/lib/ruby/gems/2.0.0/specifications/coffee-script-2.2.0.gemspec
I, [2014-01-15T16:52:16.680307 #19562]  INFO -- : 0:  thor (0.18.1) from /home/wadror/.rbenv/versions/2.0.0-p353/lib/ruby/gems/2.0.0/specifications/thor-0.18.1.gemspec
I, [2014-01-15T16:52:16.681155 #19562]  INFO -- : 0:  railties (4.0.2) from /home/wadror/.rbenv/versions/2.0.0-p353/lib/ruby/gems/2.0.0/specifications/railties-4.0.2.gemspec
I, [2014-01-15T16:52:16.681865 #19562]  INFO -- : 0:  coffee-rails (4.0.1) from /home/wadror/.rbenv/versions/2.0.0-p353/lib/ruby/gems/2.0.0/specifications/coffee-rails-4.0.1.gemspec
I, [2014-01-15T16:52:16.682647 #19562]  INFO -- : 0:  hike (1.2.3) from /home/wadror/.rbenv/versions/2.0.0-p353/lib/ruby/gems/2.0.0/specifications/hike-1.2.3.gemspec
I, [2014-01-15T16:52:16.684023 #19562]  INFO -- : 0:  jbuilder (1.5.3) from /home/wadror/.rbenv/versions/2.0.0-p353/lib/ruby/gems/2.0.0/specifications/jbuilder-1.5.3.gemspec
I, [2014-01-15T16:52:16.686114 #19562]  INFO -- : 0:  jquery-rails (3.0.4) from /home/wadror/.rbenv/versions/2.0.0-p353/lib/ruby/gems/2.0.0/specifications/jquery-rails-3.0.4.gemspec
I, [2014-01-15T16:52:16.687480 #19562]  INFO -- : 0:  json (1.8.1) from /home/wadror/.rbenv/versions/2.0.0-p353/lib/ruby/gems/2.0.0/specifications/json-1.8.1.gemspec
I, [2014-01-15T16:52:16.692908 #19562]  INFO -- : 0:  libv8 (3.16.14.3) from /home/wadror/.rbenv/versions/2.0.0-p353/lib/ruby/gems/2.0.0/specifications/libv8-3.16.14.3.gemspec
I, [2014-01-15T16:52:16.694301 #19562]  INFO -- : 0:  tilt (1.4.1) from /home/wadror/.rbenv/versions/2.0.0-p353/lib/ruby/gems/2.0.0/specifications/tilt-1.4.1.gemspec
I, [2014-01-15T16:52:16.695676 #19562]  INFO -- : 0:  sprockets (2.10.1) from /home/wadror/.rbenv/versions/2.0.0-p353/lib/ruby/gems/2.0.0/specifications/sprockets-2.10.1.gemspec
I, [2014-01-15T16:52:16.696940 #19562]  INFO -- : 0:  sprockets-rails (2.0.1) from /home/wadror/.rbenv/versions/2.0.0-p353/lib/ruby/gems/2.0.0/specifications/sprockets-rails-2.0.1.gemspec
I, [2014-01-15T16:52:16.702081 #19562]  INFO -- : 0:  rails (4.0.2) from /home/wadror/.rbenv/versions/2.0.0-p353/lib/ruby/gems/2.0.0/specifications/rails-4.0.2.gemspec
I, [2014-01-15T16:52:16.703617 #19562]  INFO -- : 0:  rdoc (4.1.1) from /home/wadror/.rbenv/versions/2.0.0-p353/lib/ruby/gems/2.0.0/specifications/rdoc-4.1.1.gemspec
I, [2014-01-15T16:52:16.705014 #19562]  INFO -- : 0:  ref (1.0.5) from /home/wadror/.rbenv/versions/2.0.0-p353/lib/ruby/gems/2.0.0/specifications/ref-1.0.5.gemspec
I, [2014-01-15T16:52:16.711208 #19562]  INFO -- : 0:  sass (3.2.13) from /home/wadror/.rbenv/versions/2.0.0-p353/lib/ruby/gems/2.0.0/specifications/sass-3.2.13.gemspec
I, [2014-01-15T16:52:16.716917 #19562]  INFO -- : 0:  sass-rails (4.0.1) from /home/wadror/.rbenv/versions/2.0.0-p353/lib/ruby/gems/2.0.0/specifications/sass-rails-4.0.1.gemspec
I, [2014-01-15T16:52:16.718442 #19562]  INFO -- : 0:  sdoc (0.4.0) from /home/wadror/.rbenv/versions/2.0.0-p353/lib/ruby/gems/2.0.0/specifications/sdoc-0.4.0.gemspec
I, [2014-01-15T16:52:16.719840 #19562]  INFO -- : 0:  sqlite3 (1.3.8) from /home/wadror/.rbenv/versions/2.0.0-p353/lib/ruby/gems/2.0.0/specifications/sqlite3-1.3.8.gemspec
I, [2014-01-15T16:52:16.721311 #19562]  INFO -- : 0:  therubyracer (0.12.0) from /home/wadror/.rbenv/versions/2.0.0-p353/lib/ruby/gems/2.0.0/specifications/therubyracer-0.12.0.gemspec
I, [2014-01-15T16:52:16.724200 #19562]  INFO -- : 0:  turbolinks (2.2.0) from /home/wadror/.rbenv/versions/2.0.0-p353/lib/ruby/gems/2.0.0/specifications/turbolinks-2.2.0.gemspec
I, [2014-01-15T16:52:16.733045 #19562]  INFO -- : 0:  uglifier (2.4.0) from /home/wadror/.rbenv/versions/2.0.0-p353/lib/ruby/gems/2.0.0/specifications/uglifier-2.4.0.gemspec
I, [2014-01-19T15:18:43.218251 #4192]  INFO -- : 0:  rake (10.1.1) from /home/wadror/.rbenv/versions/2.0.0-p353/lib/ruby/gems/2.0.0/specifications/rake-10.1.1.gemspec
I, [2014-01-19T15:18:43.230615 #4192]  INFO -- : 0:  i18n (0.6.9) from /home/wadror/.rbenv/versions/2.0.0-p353/lib/ruby/gems/2.0.0/specifications/i18n-0.6.9.gemspec
I, [2014-01-19T15:18:43.232642 #4192]  INFO -- : 0:  minitest (4.7.5) from /home/wadror/.rbenv/versions/2.0.0-p353/lib/ruby/gems/2.0.0/specifications/minitest-4.7.5.gemspec
I, [2014-01-19T15:18:43.246389 #4192]  INFO -- : 0:  multi_json (1.8.4) from /home/wadror/.rbenv/versions/2.0.0-p353/lib/ruby/gems/2.0.0/specifications/multi_json-1.8.4.gemspec
I, [2014-01-19T15:18:43.247639 #4192]  INFO -- : 0:  atomic (1.1.14) from /home/wadror/.rbenv/versions/2.0.0-p353/lib/ruby/gems/2.0.0/specifications/atomic-1.1.14.gemspec
I, [2014-01-19T15:18:43.248440 #4192]  INFO -- : 0:  thread_safe (0.1.3) from /home/wadror/.rbenv/versions/2.0.0-p353/lib/ruby/gems/2.0.0/specifications/thread_safe-0.1.3.gemspec
I, [2014-01-19T15:18:43.249548 #4192]  INFO -- : 0:  tzinfo (0.3.38) from /home/wadror/.rbenv/versions/2.0.0-p353/lib/ruby/gems/2.0.0/specifications/tzinfo-0.3.38.gemspec
I, [2014-01-19T15:18:43.250490 #4192]  INFO -- : 0:  activesupport (4.0.2) from /home/wadror/.rbenv/versions/2.0.0-p353/lib/ruby/gems/2.0.0/specifications/activesupport-4.0.2.gemspec
I, [2014-01-19T15:18:43.251337 #4192]  INFO -- : 0:  builder (3.1.4) from /home/wadror/.rbenv/versions/2.0.0-p353/lib/ruby/gems/2.0.0/specifications/builder-3.1.4.gemspec
I, [2014-01-19T15:18:43.258339 #4192]  INFO -- : 0:  erubis (2.7.0) from /home/wadror/.rbenv/versions/2.0.0-p353/lib/ruby/gems/2.0.0/specifications/erubis-2.7.0.gemspec
I, [2014-01-19T15:18:43.259823 #4192]  INFO -- : 0:  rack (1.5.2) from /home/wadror/.rbenv/versions/2.0.0-p353/lib/ruby/gems/2.0.0/specifications/rack-1.5.2.gemspec
I, [2014-01-19T15:18:43.261462 #4192]  INFO -- : 0:  rack-test (0.6.2) from /home/wadror/.rbenv/versions/2.0.0-p353/lib/ruby/gems/2.0.0/specifications/rack-test-0.6.2.gemspec
I, [2014-01-19T15:18:43.263902 #4192]  INFO -- : 0:  actionpack (4.0.2) from /home/wadror/.rbenv/versions/2.0.0-p353/lib/ruby/gems/2.0.0/specifications/actionpack-4.0.2.gemspec
I, [2014-01-19T15:18:43.269815 #4192]  INFO -- : 0:  mime-types (1.25.1) from /home/wadror/.rbenv/versions/2.0.0-p353/lib/ruby/gems/2.0.0/specifications/mime-types-1.25.1.gemspec
I, [2014-01-19T15:18:43.271304 #4192]  INFO -- : 0:  polyglot (0.3.3) from /home/wadror/.rbenv/versions/2.0.0-p353/lib/ruby/gems/2.0.0/specifications/polyglot-0.3.3.gemspec
I, [2014-01-19T15:18:43.272896 #4192]  INFO -- : 0:  treetop (1.4.15) from /home/wadror/.rbenv/versions/2.0.0-p353/lib/ruby/gems/2.0.0/specifications/treetop-1.4.15.gemspec
I, [2014-01-19T15:18:43.274121 #4192]  INFO -- : 0:  mail (2.5.4) from /home/wadror/.rbenv/versions/2.0.0-p353/lib/ruby/gems/2.0.0/specifications/mail-2.5.4.gemspec
I, [2014-01-19T15:18:43.276046 #4192]  INFO -- : 0:  actionmailer (4.0.2) from /home/wadror/.rbenv/versions/2.0.0-p353/lib/ruby/gems/2.0.0/specifications/actionmailer-4.0.2.gemspec
I, [2014-01-19T15:18:43.282996 #4192]  INFO -- : 0:  activemodel (4.0.2) from /home/wadror/.rbenv/versions/2.0.0-p353/lib/ruby/gems/2.0.0/specifications/activemodel-4.0.2.gemspec
I, [2014-01-19T15:18:43.284409 #4192]  INFO -- : 0:  activerecord-deprecated_finders (1.0.3) from /home/wadror/.rbenv/versions/2.0.0-p353/lib/ruby/gems/2.0.0/specifications/activerecord-deprecated_finders-1.0.3.gemspec
I, [2014-01-19T15:18:43.285889 #4192]  INFO -- : 0:  arel (4.0.1) from /home/wadror/.rbenv/versions/2.0.0-p353/lib/ruby/gems/2.0.0/specifications/arel-4.0.1.gemspec
I, [2014-01-19T15:18:43.287352 #4192]  INFO -- : 0:  activerecord (4.0.2) from /home/wadror/.rbenv/versions/2.0.0-p353/lib/ruby/gems/2.0.0/specifications/activerecord-4.0.2.gemspec
I, [2014-01-19T15:18:43.293704 #4192]  INFO -- : 0:  bundler (1.5.1) from /home/wadror/.rbenv/versions/2.0.0-p353/lib/ruby/gems/2.0.0/specifications/bundler-1.5.1.gemspec
I, [2014-01-19T15:18:43.297835 #4192]  INFO -- : 0:  coffee-script-source (1.6.3) from /home/wadror/.rbenv/versions/2.0.0-p353/lib/ruby/gems/2.0.0/specifications/coffee-script-source-1.6.3.gemspec
I, [2014-01-19T15:18:43.298717 #4192]  INFO -- : 0:  execjs (2.0.2) from /home/wadror/.rbenv/versions/2.0.0-p353/lib/ruby/gems/2.0.0/specifications/execjs-2.0.2.gemspec
I, [2014-01-19T15:18:43.305747 #4192]  INFO -- : 0:  coffee-script (2.2.0) from /home/wadror/.rbenv/versions/2.0.0-p353/lib/ruby/gems/2.0.0/specifications/coffee-script-2.2.0.gemspec
I, [2014-01-19T15:18:43.307224 #4192]  INFO -- : 0:  thor (0.18.1) from /home/wadror/.rbenv/versions/2.0.0-p353/lib/ruby/gems/2.0.0/specifications/thor-0.18.1.gemspec
I, [2014-01-19T15:18:43.308603 #4192]  INFO -- : 0:  railties (4.0.2) from /home/wadror/.rbenv/versions/2.0.0-p353/lib/ruby/gems/2.0.0/specifications/railties-4.0.2.gemspec
I, [2014-01-19T15:18:43.309942 #4192]  INFO -- : 0:  coffee-rails (4.0.1) from /home/wadror/.rbenv/versions/2.0.0-p353/lib/ruby/gems/2.0.0/specifications/coffee-rails-4.0.1.gemspec
I, [2014-01-19T15:18:43.311733 #4192]  INFO -- : 0:  hike (1.2.3) from /home/wadror/.rbenv/versions/2.0.0-p353/lib/ruby/gems/2.0.0/specifications/hike-1.2.3.gemspec
I, [2014-01-19T15:18:43.315655 #4192]  INFO -- : 0:  jbuilder (1.5.3) from /home/wadror/.rbenv/versions/2.0.0-p353/lib/ruby/gems/2.0.0/specifications/jbuilder-1.5.3.gemspec
I, [2014-01-19T15:18:43.317036 #4192]  INFO -- : 0:  jquery-rails (3.0.4) from /home/wadror/.rbenv/versions/2.0.0-p353/lib/ruby/gems/2.0.0/specifications/jquery-rails-3.0.4.gemspec
I, [2014-01-19T15:18:43.325959 #4192]  INFO -- : 0:  json (1.8.1) from /home/wadror/.rbenv/versions/2.0.0-p353/lib/ruby/gems/2.0.0/specifications/json-1.8.1.gemspec
I, [2014-01-19T15:18:43.326977 #4192]  INFO -- : 0:  libv8 (3.16.14.3) from /home/wadror/.rbenv/versions/2.0.0-p353/lib/ruby/gems/2.0.0/specifications/libv8-3.16.14.3.gemspec
I, [2014-01-19T15:19:15.822370 #4192]  INFO -- : 0:  pg (0.17.1) from /home/wadror/.rbenv/versions/2.0.0-p353/lib/ruby/gems/2.0.0/specifications/pg-0.17.1.gemspec
I, [2014-01-19T15:19:15.827089 #4192]  INFO -- : 0:  tilt (1.4.1) from /home/wadror/.rbenv/versions/2.0.0-p353/lib/ruby/gems/2.0.0/specifications/tilt-1.4.1.gemspec
I, [2014-01-19T15:19:15.829836 #4192]  INFO -- : 0:  sprockets (2.10.1) from /home/wadror/.rbenv/versions/2.0.0-p353/lib/ruby/gems/2.0.0/specifications/sprockets-2.10.1.gemspec
I, [2014-01-19T15:19:15.837623 #4192]  INFO -- : 0:  sprockets-rails (2.0.1) from /home/wadror/.rbenv/versions/2.0.0-p353/lib/ruby/gems/2.0.0/specifications/sprockets-rails-2.0.1.gemspec
I, [2014-01-19T15:19:15.843397 #4192]  INFO -- : 0:  rails (4.0.2) from /home/wadror/.rbenv/versions/2.0.0-p353/lib/ruby/gems/2.0.0/specifications/rails-4.0.2.gemspec
I, [2014-01-19T15:19:18.302397 #4192]  INFO -- : 0:  rails_serve_static_assets (0.0.2) from /home/wadror/.rbenv/versions/2.0.0-p353/lib/ruby/gems/2.0.0/specifications/rails_serve_static_assets-0.0.2.gemspec
I, [2014-01-19T15:19:20.928115 #4192]  INFO -- : 0:  rails_stdout_logging (0.0.3) from /home/wadror/.rbenv/versions/2.0.0-p353/lib/ruby/gems/2.0.0/specifications/rails_stdout_logging-0.0.3.gemspec
I, [2014-01-19T15:19:23.273064 #4192]  INFO -- : 0:  rails_12factor (0.0.2) from /home/wadror/.rbenv/versions/2.0.0-p353/lib/ruby/gems/2.0.0/specifications/rails_12factor-0.0.2.gemspec
I, [2014-01-19T15:19:23.274800 #4192]  INFO -- : 0:  rdoc (4.1.1) from /home/wadror/.rbenv/versions/2.0.0-p353/lib/ruby/gems/2.0.0/specifications/rdoc-4.1.1.gemspec
I, [2014-01-19T15:19:23.276671 #4192]  INFO -- : 0:  ref (1.0.5) from /home/wadror/.rbenv/versions/2.0.0-p353/lib/ruby/gems/2.0.0/specifications/ref-1.0.5.gemspec
I, [2014-01-19T15:19:23.278991 #4192]  INFO -- : 0:  sass (3.2.13) from /home/wadror/.rbenv/versions/2.0.0-p353/lib/ruby/gems/2.0.0/specifications/sass-3.2.13.gemspec
I, [2014-01-19T15:19:23.280417 #4192]  INFO -- : 0:  sass-rails (4.0.1) from /home/wadror/.rbenv/versions/2.0.0-p353/lib/ruby/gems/2.0.0/specifications/sass-rails-4.0.1.gemspec
I, [2014-01-19T15:19:23.282112 #4192]  INFO -- : 0:  sdoc (0.4.0) from /home/wadror/.rbenv/versions/2.0.0-p353/lib/ruby/gems/2.0.0/specifications/sdoc-0.4.0.gemspec
I, [2014-01-19T15:19:23.287721 #4192]  INFO -- : 0:  sqlite3 (1.3.8) from /home/wadror/.rbenv/versions/2.0.0-p353/lib/ruby/gems/2.0.0/specifications/sqlite3-1.3.8.gemspec
I, [2014-01-19T15:19:23.291337 #4192]  INFO -- : 0:  therubyracer (0.12.0) from /home/wadror/.rbenv/versions/2.0.0-p353/lib/ruby/gems/2.0.0/specifications/therubyracer-0.12.0.gemspec
I, [2014-01-19T15:19:23.292942 #4192]  INFO -- : 0:  turbolinks (2.2.0) from /home/wadror/.rbenv/versions/2.0.0-p353/lib/ruby/gems/2.0.0/specifications/turbolinks-2.2.0.gemspec
I, [2014-01-19T15:19:23.294310 #4192]  INFO -- : 0:  uglifier (2.4.0) from /home/wadror/.rbenv/versions/2.0.0-p353/lib/ruby/gems/2.0.0/specifications/uglifier-2.4.0.gemspec
I, [2014-01-26T15:19:03.278670 #3053]  INFO -- : 0:  rake (10.1.1) from /home/wadror/.rbenv/versions/2.0.0-p353/lib/ruby/gems/2.0.0/specifications/rake-10.1.1.gemspec
I, [2014-01-26T15:19:03.292413 #3053]  INFO -- : 0:  i18n (0.6.9) from /home/wadror/.rbenv/versions/2.0.0-p353/lib/ruby/gems/2.0.0/specifications/i18n-0.6.9.gemspec
I, [2014-01-26T15:19:03.293898 #3053]  INFO -- : 0:  minitest (4.7.5) from /home/wadror/.rbenv/versions/2.0.0-p353/lib/ruby/gems/2.0.0/specifications/minitest-4.7.5.gemspec
I, [2014-01-26T15:19:03.295296 #3053]  INFO -- : 0:  multi_json (1.8.4) from /home/wadror/.rbenv/versions/2.0.0-p353/lib/ruby/gems/2.0.0/specifications/multi_json-1.8.4.gemspec
I, [2014-01-26T15:19:03.296641 #3053]  INFO -- : 0:  atomic (1.1.14) from /home/wadror/.rbenv/versions/2.0.0-p353/lib/ruby/gems/2.0.0/specifications/atomic-1.1.14.gemspec
I, [2014-01-26T15:19:03.298043 #3053]  INFO -- : 0:  thread_safe (0.1.3) from /home/wadror/.rbenv/versions/2.0.0-p353/lib/ruby/gems/2.0.0/specifications/thread_safe-0.1.3.gemspec
I, [2014-01-26T15:19:03.299446 #3053]  INFO -- : 0:  tzinfo (0.3.38) from /home/wadror/.rbenv/versions/2.0.0-p353/lib/ruby/gems/2.0.0/specifications/tzinfo-0.3.38.gemspec
I, [2014-01-26T15:19:03.310139 #3053]  INFO -- : 0:  activesupport (4.0.2) from /home/wadror/.rbenv/versions/2.0.0-p353/lib/ruby/gems/2.0.0/specifications/activesupport-4.0.2.gemspec
I, [2014-01-26T15:19:03.311588 #3053]  INFO -- : 0:  builder (3.1.4) from /home/wadror/.rbenv/versions/2.0.0-p353/lib/ruby/gems/2.0.0/specifications/builder-3.1.4.gemspec
I, [2014-01-26T15:19:03.312944 #3053]  INFO -- : 0:  erubis (2.7.0) from /home/wadror/.rbenv/versions/2.0.0-p353/lib/ruby/gems/2.0.0/specifications/erubis-2.7.0.gemspec
I, [2014-01-26T15:19:03.314219 #3053]  INFO -- : 0:  rack (1.5.2) from /home/wadror/.rbenv/versions/2.0.0-p353/lib/ruby/gems/2.0.0/specifications/rack-1.5.2.gemspec
I, [2014-01-26T15:19:03.315591 #3053]  INFO -- : 0:  rack-test (0.6.2) from /home/wadror/.rbenv/versions/2.0.0-p353/lib/ruby/gems/2.0.0/specifications/rack-test-0.6.2.gemspec
I, [2014-01-26T15:19:03.321065 #3053]  INFO -- : 0:  actionpack (4.0.2) from /home/wadror/.rbenv/versions/2.0.0-p353/lib/ruby/gems/2.0.0/specifications/actionpack-4.0.2.gemspec
I, [2014-01-26T15:19:03.322360 #3053]  INFO -- : 0:  mime-types (1.25.1) from /home/wadror/.rbenv/versions/2.0.0-p353/lib/ruby/gems/2.0.0/specifications/mime-types-1.25.1.gemspec
I, [2014-01-26T15:19:03.324275 #3053]  INFO -- : 0:  polyglot (0.3.3) from /home/wadror/.rbenv/versions/2.0.0-p353/lib/ruby/gems/2.0.0/specifications/polyglot-0.3.3.gemspec
I, [2014-01-26T15:19:03.326512 #3053]  INFO -- : 0:  treetop (1.4.15) from /home/wadror/.rbenv/versions/2.0.0-p353/lib/ruby/gems/2.0.0/specifications/treetop-1.4.15.gemspec
I, [2014-01-26T15:19:03.332291 #3053]  INFO -- : 0:  mail (2.5.4) from /home/wadror/.rbenv/versions/2.0.0-p353/lib/ruby/gems/2.0.0/specifications/mail-2.5.4.gemspec
I, [2014-01-26T15:19:03.333751 #3053]  INFO -- : 0:  actionmailer (4.0.2) from /home/wadror/.rbenv/versions/2.0.0-p353/lib/ruby/gems/2.0.0/specifications/actionmailer-4.0.2.gemspec
I, [2014-01-26T15:19:03.335339 #3053]  INFO -- : 0:  activemodel (4.0.2) from /home/wadror/.rbenv/versions/2.0.0-p353/lib/ruby/gems/2.0.0/specifications/activemodel-4.0.2.gemspec
I, [2014-01-26T15:19:03.336739 #3053]  INFO -- : 0:  activerecord-deprecated_finders (1.0.3) from /home/wadror/.rbenv/versions/2.0.0-p353/lib/ruby/gems/2.0.0/specifications/activerecord-deprecated_finders-1.0.3.gemspec
I, [2014-01-26T15:19:03.341785 #3053]  INFO -- : 0:  arel (4.0.1) from /home/wadror/.rbenv/versions/2.0.0-p353/lib/ruby/gems/2.0.0/specifications/arel-4.0.1.gemspec
I, [2014-01-26T15:19:03.343435 #3053]  INFO -- : 0:  activerecord (4.0.2) from /home/wadror/.rbenv/versions/2.0.0-p353/lib/ruby/gems/2.0.0/specifications/activerecord-4.0.2.gemspec
I, [2014-01-26T15:19:03.349958 #3053]  INFO -- : 0:  bundler (1.5.1) from /home/wadror/.rbenv/versions/2.0.0-p353/lib/ruby/gems/2.0.0/specifications/bundler-1.5.1.gemspec
I, [2014-01-26T15:19:06.027464 #3053]  INFO -- : 0:  columnize (0.3.6) from /home/wadror/.rbenv/versions/2.0.0-p353/lib/ruby/gems/2.0.0/specifications/columnize-0.3.6.gemspec
I, [2014-01-26T15:19:08.592858 #3053]  INFO -- : 0:  debugger-linecache (1.2.0) from /home/wadror/.rbenv/versions/2.0.0-p353/lib/ruby/gems/2.0.0/specifications/debugger-linecache-1.2.0.gemspec
I, [2014-01-26T15:19:14.697027 #3053]  INFO -- : 0:  byebug (2.5.0) from /home/wadror/.rbenv/versions/2.0.0-p353/lib/ruby/gems/2.0.0/specifications/byebug-2.5.0.gemspec
I, [2014-01-26T15:19:14.703978 #3053]  INFO -- : 0:  coffee-script-source (1.6.3) from /home/wadror/.rbenv/versions/2.0.0-p353/lib/ruby/gems/2.0.0/specifications/coffee-script-source-1.6.3.gemspec
I, [2014-01-26T15:19:14.713041 #3053]  INFO -- : 0:  execjs (2.0.2) from /home/wadror/.rbenv/versions/2.0.0-p353/lib/ruby/gems/2.0.0/specifications/execjs-2.0.2.gemspec
I, [2014-01-26T15:19:14.716608 #3053]  INFO -- : 0:  coffee-script (2.2.0) from /home/wadror/.rbenv/versions/2.0.0-p353/lib/ruby/gems/2.0.0/specifications/coffee-script-2.2.0.gemspec
I, [2014-01-26T15:19:14.720881 #3053]  INFO -- : 0:  thor (0.18.1) from /home/wadror/.rbenv/versions/2.0.0-p353/lib/ruby/gems/2.0.0/specifications/thor-0.18.1.gemspec
I, [2014-01-26T15:19:14.737678 #3053]  INFO -- : 0:  railties (4.0.2) from /home/wadror/.rbenv/versions/2.0.0-p353/lib/ruby/gems/2.0.0/specifications/railties-4.0.2.gemspec
I, [2014-01-26T15:19:14.740691 #3053]  INFO -- : 0:  coffee-rails (4.0.1) from /home/wadror/.rbenv/versions/2.0.0-p353/lib/ruby/gems/2.0.0/specifications/coffee-rails-4.0.1.gemspec
I, [2014-01-26T15:19:14.748477 #3053]  INFO -- : 0:  hike (1.2.3) from /home/wadror/.rbenv/versions/2.0.0-p353/lib/ruby/gems/2.0.0/specifications/hike-1.2.3.gemspec
I, [2014-01-26T15:19:14.751586 #3053]  INFO -- : 0:  jbuilder (1.5.3) from /home/wadror/.rbenv/versions/2.0.0-p353/lib/ruby/gems/2.0.0/specifications/jbuilder-1.5.3.gemspec
I, [2014-01-26T15:19:14.756129 #3053]  INFO -- : 0:  jquery-rails (3.0.4) from /home/wadror/.rbenv/versions/2.0.0-p353/lib/ruby/gems/2.0.0/specifications/jquery-rails-3.0.4.gemspec
I, [2014-01-26T15:19:14.758755 #3053]  INFO -- : 0:  json (1.8.1) from /home/wadror/.rbenv/versions/2.0.0-p353/lib/ruby/gems/2.0.0/specifications/json-1.8.1.gemspec
I, [2014-01-26T15:19:14.767721 #3053]  INFO -- : 0:  libv8 (3.16.14.3) from /home/wadror/.rbenv/versions/2.0.0-p353/lib/ruby/gems/2.0.0/specifications/libv8-3.16.14.3.gemspec
I, [2014-01-26T15:19:14.778392 #3053]  INFO -- : 0:  pg (0.17.1) from /home/wadror/.rbenv/versions/2.0.0-p353/lib/ruby/gems/2.0.0/specifications/pg-0.17.1.gemspec
I, [2014-01-26T15:19:14.782335 #3053]  INFO -- : 0:  tilt (1.4.1) from /home/wadror/.rbenv/versions/2.0.0-p353/lib/ruby/gems/2.0.0/specifications/tilt-1.4.1.gemspec
I, [2014-01-26T15:19:14.791772 #3053]  INFO -- : 0:  sprockets (2.10.1) from /home/wadror/.rbenv/versions/2.0.0-p353/lib/ruby/gems/2.0.0/specifications/sprockets-2.10.1.gemspec
I, [2014-01-26T15:19:14.794399 #3053]  INFO -- : 0:  sprockets-rails (2.0.1) from /home/wadror/.rbenv/versions/2.0.0-p353/lib/ruby/gems/2.0.0/specifications/sprockets-rails-2.0.1.gemspec
I, [2014-01-26T15:19:14.802007 #3053]  INFO -- : 0:  rails (4.0.2) from /home/wadror/.rbenv/versions/2.0.0-p353/lib/ruby/gems/2.0.0/specifications/rails-4.0.2.gemspec
I, [2014-01-26T15:19:14.804321 #3053]  INFO -- : 0:  rails_serve_static_assets (0.0.2) from /home/wadror/.rbenv/versions/2.0.0-p353/lib/ruby/gems/2.0.0/specifications/rails_serve_static_assets-0.0.2.gemspec
I, [2014-01-26T15:19:14.813910 #3053]  INFO -- : 0:  rails_stdout_logging (0.0.3) from /home/wadror/.rbenv/versions/2.0.0-p353/lib/ruby/gems/2.0.0/specifications/rails_stdout_logging-0.0.3.gemspec
I, [2014-01-26T15:19:14.816357 #3053]  INFO -- : 0:  rails_12factor (0.0.2) from /home/wadror/.rbenv/versions/2.0.0-p353/lib/ruby/gems/2.0.0/specifications/rails_12factor-0.0.2.gemspec
I, [2014-01-26T15:19:14.820081 #3053]  INFO -- : 0:  rdoc (4.1.1) from /home/wadror/.rbenv/versions/2.0.0-p353/lib/ruby/gems/2.0.0/specifications/rdoc-4.1.1.gemspec
I, [2014-01-26T15:19:14.825521 #3053]  INFO -- : 0:  ref (1.0.5) from /home/wadror/.rbenv/versions/2.0.0-p353/lib/ruby/gems/2.0.0/specifications/ref-1.0.5.gemspec
I, [2014-01-26T15:19:14.833350 #3053]  INFO -- : 0:  sass (3.2.13) from /home/wadror/.rbenv/versions/2.0.0-p353/lib/ruby/gems/2.0.0/specifications/sass-3.2.13.gemspec
I, [2014-01-26T15:19:14.835386 #3053]  INFO -- : 0:  sass-rails (4.0.1) from /home/wadror/.rbenv/versions/2.0.0-p353/lib/ruby/gems/2.0.0/specifications/sass-rails-4.0.1.gemspec
I, [2014-01-26T15:19:14.837505 #3053]  INFO -- : 0:  sdoc (0.4.0) from /home/wadror/.rbenv/versions/2.0.0-p353/lib/ruby/gems/2.0.0/specifications/sdoc-0.4.0.gemspec
I, [2014-01-26T15:19:14.845970 #3053]  INFO -- : 0:  sqlite3 (1.3.8) from /home/wadror/.rbenv/versions/2.0.0-p353/lib/ruby/gems/2.0.0/specifications/sqlite3-1.3.8.gemspec
I, [2014-01-26T15:19:14.847851 #3053]  INFO -- : 0:  therubyracer (0.12.0) from /home/wadror/.rbenv/versions/2.0.0-p353/lib/ruby/gems/2.0.0/specifications/therubyracer-0.12.0.gemspec
I, [2014-01-26T15:19:14.849988 #3053]  INFO -- : 0:  turbolinks (2.2.0) from /home/wadror/.rbenv/versions/2.0.0-p353/lib/ruby/gems/2.0.0/specifications/turbolinks-2.2.0.gemspec
I, [2014-01-26T15:19:14.853873 #3053]  INFO -- : 0:  uglifier (2.4.0) from /home/wadror/.rbenv/versions/2.0.0-p353/lib/ruby/gems/2.0.0/specifications/uglifier-2.4.0.gemspec
